<?xml version="1.0" encoding="UTF-8"?>
<!-- Generated by org.testng.reporters.JUnitReportReporter -->
<testsuite skipped="0" hostname="LAPTOP-EQ65NQ75" name="com.crm.qa.testcases.LoginPageTest" tests="3" failures="0" timestamp="24 May 2020 20:29:45 GMT" time="41.590" errors="0">
  <testcase name="LoginPageTitleTest" time="14.952" classname="com.crm.qa.testcases.LoginPageTest"/>
  <testcase name="FogerPassLinkTest" time="12.840" classname="com.crm.qa.testcases.LoginPageTest"/>
  <testcase name="Logintest" time="13.798" classname="com.crm.qa.testcases.LoginPageTest"/>
</testsuite> <!-- com.crm.qa.testcases.LoginPageTest -->
