<?xml version="1.0" encoding="UTF-8"?>
<!-- Generated by org.testng.reporters.JUnitReportReporter -->
<testsuite skipped="0" hostname="LAPTOP-EQ65NQ75" name="com.crm.qa.testcases.ContactsPageTestClass" tests="1" failures="0" timestamp="25 May 2020 14:04:02 GMT" time="18.232" errors="0">
  <testcase name="ValidateCreateNewContact" time="18.232" classname="com.crm.qa.testcases.ContactsPageTestClass"/>
</testsuite> <!-- com.crm.qa.testcases.ContactsPageTestClass -->
