<?xml version="1.0" encoding="UTF-8"?>
<!-- Generated by org.testng.reporters.JUnitReportReporter -->
<testsuite skipped="0" hostname="LAPTOP-EQ65NQ75" name="com.crm.qa.testcases.LoginPageTest" tests="3" failures="0" timestamp="23 May 2020 22:33:44 GMT" time="43.867" errors="0">
  <testcase name="LoginPageTitleTest" time="16.709" classname="com.crm.qa.testcases.LoginPageTest"/>
  <testcase name="FogerPassLinkTest" time="13.285" classname="com.crm.qa.testcases.LoginPageTest"/>
  <testcase name="Logintest" time="13.873" classname="com.crm.qa.testcases.LoginPageTest"/>
</testsuite> <!-- com.crm.qa.testcases.LoginPageTest -->
