<?xml version="1.0" encoding="UTF-8"?>
<!-- Generated by org.testng.reporters.JUnitReportReporter -->
<testsuite skipped="0" hostname="LAPTOP-EQ65NQ75" name="com.crm.qa.testcases.HomePageTest" tests="3" failures="0" timestamp="24 May 2020 20:29:45 GMT" time="45.285" errors="0">
  <testcase name="VerifyHompageTitleTest" time="13.555" classname="com.crm.qa.testcases.HomePageTest"/>
  <testcase name="VerifyUserNameTest" time="16.728" classname="com.crm.qa.testcases.HomePageTest"/>
  <testcase name="VerifyContactPageClick" time="15.002" classname="com.crm.qa.testcases.HomePageTest"/>
</testsuite> <!-- com.crm.qa.testcases.HomePageTest -->
